Select any Option:
1.Interest Calculation
2.House Construction Cost
Enter the Principle Amount : 
Enter the Rate Of Interest : 
Enter Time Taken : 
Select One :
1 Simple Interest
2 Compound Interest
SIMPLE INTEREST : 400.0INR
Select any Option:
1.Interest Calculation
2.House Construction Cost
Enter The Area Of The House : 
Select The Material Standards You Prefer: 
1.Standard Material
2.Above Standard Material
3.High Standard Material
4.High Standard Material And Fully Automated House
TOTAL COST : 3600.0INR
Select any Option:
1.Interest Calculation
2.House Construction Cost
Enter the Principle Amount : 
Enter the Rate Of Interest : 
Enter Time Taken : 
Select One :
1 Simple Interest
2 Compound Interest
COMPOUND INTEREST : 21964.0INR
